<?xml version="1.0" encoding="UTF-8"?>
<coverage generated="1592614612077" clover="3.2.0">
  <project timestamp="1592614612077" name="All files">
    <metrics statements="10" coveredstatements="10" conditionals="0" coveredconditionals="0" methods="7" coveredmethods="3" elements="17" coveredelements="13" complexity="0" loc="10" ncloc="10" packages="1" files="1" classes="1"/>
    <file name="index.ts" path="/Users/ben/Documents/Projects/@zissou/hooks/src/useOnlineStatus/index.ts">
      <metrics statements="10" coveredstatements="10" conditionals="0" coveredconditionals="0" methods="7" coveredmethods="3"/>
      <line num="1" count="1" type="stmt"/>
      <line num="3" count="1" type="stmt"/>
      <line num="4" count="1" type="stmt"/>
      <line num="6" count="1" type="stmt"/>
      <line num="7" count="1" type="stmt"/>
      <line num="8" count="1" type="stmt"/>
      <line num="10" count="1" type="stmt"/>
      <line num="11" count="1" type="stmt"/>
      <line num="12" count="1" type="stmt"/>
      <line num="16" count="1" type="stmt"/>
    </file>
  </project>
</coverage>
