{"/Users/ben/Documents/Projects/@zissou/hooks/src/useOnlineStatus/index.ts": {"path":"/Users/ben/Documents/Projects/@zissou/hooks/src/useOnlineStatus/index.ts","statementMap":{"0":{"start":{"line":1,"column":0},"end":{"line":1,"column":44}},"1":{"start":{"line":3,"column":0},"end":{"line":17,"column":2}},"2":{"start":{"line":4,"column":34},"end":{"line":4,"column":67}},"3":{"start":{"line":4,"column":17},"end":{"line":4,"column":19}},"4":{"start":{"line":4,"column":30},"end":{"line":4,"column":34}},"5":{"start":{"line":6,"column":2},"end":{"line":14,"column":9}},"6":{"start":{"line":7,"column":4},"end":{"line":7,"column":63}},"7":{"start":{"line":7,"column":44},"end":{"line":7,"column":62}},"8":{"start":{"line":8,"column":4},"end":{"line":8,"column":65}},"9":{"start":{"line":8,"column":45},"end":{"line":8,"column":64}},"10":{"start":{"line":10,"column":4},"end":{"line":13,"column":6}},"11":{"start":{"line":11,"column":6},"end":{"line":11,"column":68}},"12":{"start":{"line":11,"column":49},"end":{"line":11,"column":67}},"13":{"start":{"line":12,"column":6},"end":{"line":12,"column":69}},"14":{"start":{"line":12,"column":50},"end":{"line":12,"column":68}},"15":{"start":{"line":16,"column":2},"end":{"line":16,"column":18}}},"fnMap":{"0":{"name":"(anonymous_0)","decl":{"start":{"line":3,"column":15},"end":{"line":3,"column":null}},"loc":{"start":{"line":3,"column":15},"end":{"line":17,"column":1}}},"1":{"name":"(anonymous_1)","decl":{"start":{"line":6,"column":12},"end":{"line":6,"column":null}},"loc":{"start":{"line":6,"column":12},"end":{"line":14,"column":3}}},"2":{"name":"(anonymous_2)","decl":{"start":{"line":7,"column":38},"end":{"line":7,"column":44}},"loc":{"start":{"line":7,"column":38},"end":{"line":7,"column":55}}},"3":{"name":"(anonymous_3)","decl":{"start":{"line":8,"column":39},"end":{"line":8,"column":45}},"loc":{"start":{"line":8,"column":39},"end":{"line":8,"column":56}}},"4":{"name":"(anonymous_4)","decl":{"start":{"line":10,"column":11},"end":{"line":10,"column":null}},"loc":{"start":{"line":10,"column":11},"end":{"line":13,"column":5}}},"5":{"name":"(anonymous_5)","decl":{"start":{"line":11,"column":43},"end":{"line":11,"column":49}},"loc":{"start":{"line":11,"column":43},"end":{"line":11,"column":60}}},"6":{"name":"(anonymous_6)","decl":{"start":{"line":12,"column":44},"end":{"line":12,"column":50}},"loc":{"start":{"line":12,"column":44},"end":{"line":12,"column":61}}}},"branchMap":{},"s":{"0":1,"1":1,"2":1,"3":1,"4":1,"5":1,"6":1,"7":0,"8":1,"9":0,"10":1,"11":1,"12":0,"13":1,"14":0,"15":1},"f":{"0":1,"1":1,"2":0,"3":0,"4":1,"5":0,"6":0},"b":{}}
}
